TN:
SF:src\lib\creditos.js
FN:7,calcularSaldoCliente
FN:9,(anonymous_1)
FN:10,(anonymous_2)
FN:18,buscarClienteExistente
FN:21,(anonymous_4)
FNF:5
FNH:5
FNDA:1,calcularSaldoCliente
FNDA:4,(anonymous_1)
FNDA:3,(anonymous_2)
FNDA:1,buscarClienteExistente
FNDA:1,(anonymous_4)
DA:8,1
DA:9,4
DA:11,3
DA:19,1
DA:20,1
DA:21,1
LF:6
LH:6
BRDA:11,0,0,2
BRDA:11,0,1,1
BRDA:21,1,0,1
BRDA:21,1,1,0
BRF:4
BRH:3
end_of_record
TN:
SF:src\lib\fecha.js
FN:3,formatFecha
FN:13,formatFechaCorta
FNF:2
FNH:2
FNDA:1,formatFecha
FNDA:1,formatFechaCorta
DA:4,1
DA:5,1
DA:14,1
DA:15,1
LF:4
LH:4
BRF:0
BRH:0
end_of_record
TN:
SF:src\lib\texto.js
FN:3,sinAcentos
FNF:1
FNH:1
FNDA:5,sinAcentos
DA:4,5
LF:1
LH:1
BRDA:4,0,0,5
BRDA:4,0,1,3
BRF:2
BRH:2
end_of_record
